#
# There is insufficient memory for the Java Runtime Environment to continue.
# Native memory allocation (malloc) failed to allocate 1665008 bytes for Chunk::new
# Possible reasons:
#   The system is out of physical RAM or swap space
#   The process is running with CompressedOops enabled, and the Java Heap may be blocking the growth of the native heap
# Possible solutions:
#   Reduce memory load on the system
#   Increase physical memory or swap space
#   Check if swap backing store is full
#   Decrease Java heap size (-Xmx/-Xms)
#   Decrease number of Java threads
#   Decrease Java thread stack sizes (-Xss)
#   Set larger code cache with -XX:ReservedCodeCacheSize=
#   JVM is running with Unscaled Compressed Oops mode in which the Java heap is
#     placed in the first 4GB address space. The Java Heap base address is the
#     maximum limit for the native heap growth. Please use -XX:HeapBaseMinAddress
#     to set the Java Heap base and to place the Java Heap above 4GB virtual address.
# This output file may be truncated or incomplete.
#
#  Out of Memory Error (allocation.cpp:389), pid=16940, tid=0x00000000000019b4
#
# JRE version: OpenJDK Runtime Environment (8.0_242-b01) (build 1.8.0_242-release-1644-b01)
# Java VM: OpenJDK 64-Bit Server VM (25.242-b01 mixed mode windows-amd64 compressed oops)
# Failed to write core dump. Minidumps are not enabled by default on client versions of Windows
#

---------------  T H R E A D  ---------------

Current thread (0x0000000015e67800):  JavaThread "C2 CompilerThread1" daemon [_thread_in_native, id=6580, stack(0x00000000175b0000,0x00000000176b0000)]

Stack: [0x00000000175b0000,0x00000000176b0000]
[error occurred during error reporting (printing stack bounds), id 0xc0000005]

Native frames: (J=compiled Java code, j=interpreted, Vv=VM code, C=native code)


Current CompileTask:
C2:  15789 5186 %     4       groovy.lang.MetaClassImpl::inheritInterfaceNewMetaMethods @ 104 (199 bytes)


---------------  P R O C E S S  ---------------

Java Threads: ( => current thread )
  0x000000001cfb9800 JavaThread "Cache worker for file content cache (G:\Android\Drawer\.gradle\6.5\fileContent)" [_thread_blocked, id=18316, stack(0x00000000280e0000,0x00000000281e0000)]
  0x0000000019baf800 JavaThread "Memory manager" [_thread_blocked, id=7724, stack(0x0000000027fe0000,0x00000000280e0000)]
  0x0000000019bae800 JavaThread "pool-1-thread-1" [_thread_blocked, id=16692, stack(0x0000000026df0000,0x0000000026ef0000)]
  0x0000000019ba7000 JavaThread "Cache worker for Build Output Cleanup Cache (G:\Android\Drawer\.gradle\buildOutputCleanup)" [_thread_blocked, id=2164, stack(0x0000000026cf0000,0x0000000026df0000)]
  0x0000000019bab800 JavaThread "jar transforms Thread 94" [_thread_blocked, id=3420, stack(0x00000000269f0000,0x0000000026af0000)]
  0x0000000019bab000 JavaThread "jar transforms Thread 93" [_thread_blocked, id=17176, stack(0x00000000268f0000,0x00000000269f0000)]
  0x0000000019bae000 JavaThread "jar transforms Thread 92" [_thread_blocked, id=18136, stack(0x00000000267f0000,0x00000000268f0000)]
  0x0000000019ba6800 JavaThread "jar transforms Thread 91" [_thread_blocked, id=16824, stack(0x00000000266f0000,0x00000000267f0000)]
  0x0000000019ba8800 JavaThread "jar transforms Thread 90" [_thread_blocked, id=17968, stack(0x00000000265f0000,0x00000000266f0000)]
  0x0000000019baa000 JavaThread "jar transforms Thread 89" [_thread_blocked, id=14304, stack(0x00000000264f0000,0x00000000265f0000)]
  0x0000000019ba8000 JavaThread "jar transforms Thread 88" [_thread_blocked, id=17960, stack(0x00000000263f0000,0x00000000264f0000)]
  0x0000000019bad000 JavaThread "jar transforms Thread 87" [_thread_blocked, id=14616, stack(0x00000000262f0000,0x00000000263f0000)]
  0x0000000019ba4000 JavaThread "jar transforms Thread 86" [_thread_blocked, id=12368, stack(0x00000000261f0000,0x00000000262f0000)]
  0x0000000019ba2800 JavaThread "jar transforms Thread 85" [_thread_blocked, id=12028, stack(0x00000000260f0000,0x00000000261f0000)]
  0x0000000019ba3800 JavaThread "jar transforms Thread 84" [_thread_blocked, id=8548, stack(0x0000000025ff0000,0x00000000260f0000)]
  0x0000000019ba9800 JavaThread "jar transforms Thread 83" [_thread_blocked, id=5552, stack(0x0000000025ef0000,0x0000000025ff0000)]
  0x0000000019ba0000 JavaThread "jar transforms Thread 82" [_thread_blocked, id=17988, stack(0x0000000025df0000,0x0000000025ef0000)]
  0x0000000019ba5800 JavaThread "jar transforms Thread 81" [_thread_blocked, id=12628, stack(0x0000000025cf0000,0x0000000025df0000)]
  0x0000000019ba2000 JavaThread "jar transforms Thread 80" [_thread_blocked, id=17432, stack(0x0000000025bf0000,0x0000000025cf0000)]
  0x0000000019ba1000 JavaThread "jar transforms Thread 79" [_thread_blocked, id=17336, stack(0x0000000025af0000,0x0000000025bf0000)]
  0x0000000019ba5000 JavaThread "jar transforms Thread 78" [_thread_blocked, id=10980, stack(0x00000000259f0000,0x0000000025af0000)]
  0x000000001ebe8800 JavaThread "jar transforms Thread 77" [_thread_blocked, id=14680, stack(0x00000000258f0000,0x00000000259f0000)]
  0x000000001ebe7800 JavaThread "jar transforms Thread 76" [_thread_blocked, id=18260, stack(0x00000000257f0000,0x00000000258f0000)]
  0x000000001ebe7000 JavaThread "jar transforms Thread 75" [_thread_blocked, id=17116, stack(0x00000000256f0000,0x00000000257f0000)]
  0x000000001ebe6000 JavaThread "jar transforms Thread 74" [_thread_blocked, id=18404, stack(0x00000000255f0000,0x00000000256f0000)]
  0x000000001ebe5800 JavaThread "jar transforms Thread 73" [_thread_blocked, id=8464, stack(0x00000000254f0000,0x00000000255f0000)]
  0x000000001ebde000 JavaThread "jar transforms Thread 72" [_thread_blocked, id=5220, stack(0x00000000253f0000,0x00000000254f0000)]
  0x000000001ebe3000 JavaThread "jar transforms Thread 71" [_thread_blocked, id=16420, stack(0x00000000252f0000,0x00000000253f0000)]
  0x000000001ebe4000 JavaThread "jar transforms Thread 70" [_thread_blocked, id=11716, stack(0x00000000251f0000,0x00000000252f0000)]
  0x000000001ebe4800 JavaThread "jar transforms Thread 69" [_thread_blocked, id=17724, stack(0x00000000250f0000,0x00000000251f0000)]
  0x000000001ebdb800 JavaThread "jar transforms Thread 68" [_thread_blocked, id=12268, stack(0x0000000024ff0000,0x00000000250f0000)]
  0x000000001ebe2800 JavaThread "jar transforms Thread 67" [_thread_blocked, id=5756, stack(0x0000000024ef0000,0x0000000024ff0000)]
  0x000000001ebdb000 JavaThread "jar transforms Thread 66" [_thread_blocked, id=17208, stack(0x0000000024df0000,0x0000000024ef0000)]
  0x000000001ebe1800 JavaThread "jar transforms Thread 65" [_thread_blocked, id=4316, stack(0x0000000024cf0000,0x0000000024df0000)]
  0x000000001ebdf800 JavaThread "jar transforms Thread 64" [_thread_blocked, id=9988, stack(0x0000000024bf0000,0x0000000024cf0000)]
  0x000000001ebda000 JavaThread "jar transforms Thread 63" [_thread_blocked, id=10528, stack(0x0000000024af0000,0x0000000024bf0000)]
  0x000000001ebdd000 JavaThread "jar transforms Thread 62" [_thread_blocked, id=4900, stack(0x00000000249f0000,0x0000000024af0000)]
  0x000000001ebe0000 JavaThread "jar transforms Thread 61" [_thread_blocked, id=10456, stack(0x00000000248f0000,0x00000000249f0000)]
  0x000000001ebde800 JavaThread "jar transforms Thread 60" [_thread_blocked, id=15672, stack(0x00000000247f0000,0x00000000248f0000)]
  0x000000001ebe1000 JavaThread "jar transforms Thread 59" [_thread_blocked, id=17436, stack(0x00000000246f0000,0x00000000247f0000)]
  0x000000001ebdc800 JavaThread "jar transforms Thread 58" [_thread_blocked, id=9744, stack(0x00000000245f0000,0x00000000246f0000)]
  0x000000001ebd9000 JavaThread "jar transforms Thread 57" [_thread_blocked, id=13384, stack(0x00000000244f0000,0x00000000245f0000)]
  0x000000001ebd0800 JavaThread "jar transforms Thread 56" [_thread_blocked, id=12740, stack(0x00000000243f0000,0x00000000244f0000)]
  0x000000001ebcf800 JavaThread "jar transforms Thread 55" [_thread_blocked, id=17740, stack(0x00000000242f0000,0x00000000243f0000)]
  0x000000001ebcf000 JavaThread "jar transforms Thread 54" [_thread_blocked, id=9464, stack(0x00000000241f0000,0x00000000242f0000)]
  0x000000001ebce000 JavaThread "jar transforms Thread 53" [_thread_blocked, id=3212, stack(0x00000000240f0000,0x00000000241f0000)]
  0x000000001ebcd800 JavaThread "jar transforms Thread 52" [_thread_blocked, id=13064, stack(0x0000000023ff0000,0x00000000240f0000)]
  0x000000001ebc6000 JavaThread "jar transforms Thread 51" [_thread_blocked, id=13200, stack(0x0000000023ef0000,0x0000000023ff0000)]
  0x000000001ebcc800 JavaThread "jar transforms Thread 50" [_thread_blocked, id=15940, stack(0x0000000023df0000,0x0000000023ef0000)]
  0x000000001ebcc000 JavaThread "jar transforms Thread 49" [_thread_blocked, id=11664, stack(0x0000000023cf0000,0x0000000023df0000)]
  0x000000001ebcb000 JavaThread "jar transforms Thread 48" [_thread_blocked, id=16708, stack(0x0000000023bf0000,0x0000000023cf0000)]
  0x000000001ebca800 JavaThread "jar transforms Thread 47" [_thread_blocked, id=5324, stack(0x0000000023af0000,0x0000000023bf0000)]
  0x000000001ebc2800 JavaThread "jar transforms Thread 46" [_thread_blocked, id=12228, stack(0x00000000239f0000,0x0000000023af0000)]
  0x000000001ebc5000 JavaThread "jar transforms Thread 45" [_thread_blocked, id=16924, stack(0x00000000238f0000,0x00000000239f0000)]
  0x000000001ebc9800 JavaThread "jar transforms Thread 44" [_thread_blocked, id=3508, stack(0x00000000237f0000,0x00000000238f0000)]
  0x000000001ebc3800 JavaThread "jar transforms Thread 43" [_thread_blocked, id=16780, stack(0x00000000236f0000,0x00000000237f0000)]
  0x000000001ebc2000 JavaThread "jar transforms Thread 42" [_thread_blocked, id=13876, stack(0x00000000235f0000,0x00000000236f0000)]
  0x000000001ebc9000 JavaThread "jar transforms Thread 41" [_thread_blocked, id=16724, stack(0x00000000234f0000,0x00000000235f0000)]
  0x000000001ebc8000 JavaThread "jar transforms Thread 40" [_thread_blocked, id=17328, stack(0x00000000233f0000,0x00000000234f0000)]
  0x000000001ebc6800 JavaThread "jar transforms Thread 39" [_thread_blocked, id=16628, stack(0x00000000232f0000,0x00000000233f0000)]
  0x000000001ebc7800 JavaThread "jar transforms Thread 38" [_thread_blocked, id=8016, stack(0x00000000231f0000,0x00000000232f0000)]
  0x000000001ebc1000 JavaThread "jar transforms Thread 37" [_thread_blocked, id=1680, stack(0x00000000230f0000,0x00000000231f0000)]
  0x000000001ebc4800 JavaThread "jar transforms Thread 36" [_thread_blocked, id=12208, stack(0x0000000022ff0000,0x00000000230f0000)]
  0x0000000019b17000 JavaThread "jar transforms Thread 35" [_thread_blocked, id=2184, stack(0x0000000022ef0000,0x0000000022ff0000)]
  0x0000000019b16000 JavaThread "jar transforms Thread 34" [_thread_blocked, id=15688, stack(0x0000000022df0000,0x0000000022ef0000)]
  0x0000000019b15800 JavaThread "jar transforms Thread 33" [_thread_blocked, id=6168, stack(0x0000000022cf0000,0x0000000022df0000)]
  0x0000000019b14800 JavaThread "jar transforms Thread 32" [_thread_blocked, id=13716, stack(0x0000000022bf0000,0x0000000022cf0000)]
  0x0000000019b14000 JavaThread "jar transforms Thread 31" [_thread_blocked, id=13584, stack(0x0000000022af0000,0x0000000022bf0000)]
  0x0000000019b13000 JavaThread "jar transforms Thread 30" [_thread_blocked, id=11988, stack(0x00000000229f0000,0x0000000022af0000)]
  0x0000000019b0b800 JavaThread "jar transforms Thread 29" [_thread_blocked, id=12488, stack(0x00000000228f0000,0x00000000229f0000)]
  0x0000000019b12800 JavaThread "jar transforms Thread 28" [_thread_blocked, id=11224, stack(0x00000000227f0000,0x00000000228f0000)]
  0x0000000019b11800 JavaThread "jar transforms Thread 27" [_thread_blocked, id=7336, stack(0x00000000226f0000,0x00000000227f0000)]
  0x0000000019b0a000 JavaThread "jar transforms Thread 26" [_thread_blocked, id=15456, stack(0x00000000225f0000,0x00000000226f0000)]
  0x0000000019b0a800 JavaThread "jar transforms Thread 25" [_thread_blocked, id=17548, stack(0x00000000224f0000,0x00000000225f0000)]
  0x0000000019b11000 JavaThread "jar transforms Thread 24" [_thread_blocked, id=17760, stack(0x00000000223f0000,0x00000000224f0000)]
  0x0000000019b10000 JavaThread "jar transforms Thread 23" [_thread_blocked, id=18228, stack(0x00000000222f0000,0x00000000223f0000)]
  0x0000000019b0f000 JavaThread "jar transforms Thread 22" [_thread_blocked, id=17564, stack(0x00000000221f0000,0x00000000222f0000)]
  0x0000000019b0d800 JavaThread "jar transforms Thread 21" [_thread_blocked, id=16500, stack(0x00000000220f0000,0x00000000221f0000)]
  0x0000000019b07800 JavaThread "jar transforms Thread 20" [_thread_blocked, id=16996, stack(0x0000000021ff0000,0x00000000220f0000)]
  0x0000000019b0e800 JavaThread "jar transforms Thread 19" [_thread_blocked, id=10148, stack(0x0000000021ef0000,0x0000000021ff0000)]
  0x0000000019b0d000 JavaThread "jar transforms Thread 18" [_thread_blocked, id=17768, stack(0x0000000021df0000,0x0000000021ef0000)]
  0x0000000019b0c000 JavaThread "jar transforms Thread 17" [_thread_blocked, id=17880, stack(0x0000000021cf0000,0x0000000021df0000)]
  0x0000000019b09000 JavaThread "jar transforms Thread 16" [_thread_blocked, id=12100, stack(0x0000000021bf0000,0x0000000021cf0000)]
  0x0000000019b08800 JavaThread "jar transforms Thread 15" [_thread_blocked, id=18004, stack(0x0000000021af0000,0x0000000021bf0000)]
  0x000000001d715000 JavaThread "jar transforms Thread 14" [_thread_blocked, id=16448, stack(0x00000000219f0000,0x0000000021af0000)]
  0x000000001d714800 JavaThread "jar transforms Thread 13" [_thread_blocked, id=18160, stack(0x00000000218f0000,0x00000000219f0000)]
  0x000000001d719000 JavaThread "jar transforms Thread 12" [_thread_blocked, id=17460, stack(0x00000000217f0000,0x00000000218f0000)]
  0x000000001d71a000 JavaThread "jar transforms Thread 11" [_thread_blocked, id=16444, stack(0x00000000216f0000,0x00000000217f0000)]
  0x000000001d718800 JavaThread "jar transforms Thread 10" [_thread_blocked, id=15260, stack(0x00000000214f0000,0x00000000215f0000)]
  0x000000001d713800 JavaThread "jar transforms Thread 9" [_thread_blocked, id=17096, stack(0x00000000213f0000,0x00000000214f0000)]
  0x000000001d716800 JavaThread "jar transforms Thread 8" [_thread_blocked, id=12592, stack(0x00000000212f0000,0x00000000213f0000)]
  0x000000001d717800 JavaThread "jar transforms Thread 7" [_thread_blocked, id=15284, stack(0x00000000211f0000,0x00000000212f0000)]
  0x000000001d716000 JavaThread "jar transforms Thread 6" [_thread_blocked, id=4576, stack(0x00000000210f0000,0x00000000211f0000)]
  0x000000001d70c000 JavaThread "jar transforms Thread 5" [_thread_blocked, id=13928, stack(0x0000000020ff0000,0x00000000210f0000)]
  0x000000001d713000 JavaThread "jar transforms Thread 4" [_thread_blocked, id=17248, stack(0x0000000020ef0000,0x0000000020ff0000)]
  0x000000001d70b800 JavaThread "jar transforms Thread 3" [_thread_blocked, id=6028, stack(0x0000000020df0000,0x0000000020ef0000)]
  0x000000001d712000 JavaThread "jar transforms Thread 2" [_thread_blocked, id=14668, stack(0x00000000208e0000,0x00000000209e0000)]
  0x000000001d70a800 JavaThread "Build operations Thread 4" [_thread_blocked, id=3428, stack(0x0000000020cf0000,0x0000000020df0000)]
  0x000000001d711800 JavaThread "Build operations Thread 3" [_thread_blocked, id=10968, stack(0x0000000020bf0000,0x0000000020cf0000)]
  0x000000001d710800 JavaThread "Build operations Thread 2" [_thread_blocked, id=17192, stack(0x0000000020af0000,0x0000000020bf0000)]
  0x000000001d710000 JavaThread "Build operations" [_thread_blocked, id=17028, stack(0x00000000209f0000,0x0000000020af0000)]
  0x0000000019952000 JavaThread "Cache worker for file content cache (G:\Android\bin\caches\6.5\fileContent)" [_thread_blocked, id=13664, stack(0x00000000201e0000,0x00000000202e0000)]
  0x0000000019951800 JavaThread "jar transforms" [_thread_blocked, id=17124, stack(0x00000000200e0000,0x00000000201e0000)]
  0x000000001994f000 JavaThread "Cache worker for execution history cache (G:\Android\bin\caches\6.5\executionHistory)" [_thread_blocked, id=16408, stack(0x000000001f9e0000,0x000000001fae0000)]
  0x0000000019950800 JavaThread "Cache worker for cache directory md-rule (G:\Android\bin\caches\6.5\md-rule)" [_thread_blocked, id=16560, stack(0x000000001f8e0000,0x000000001f9e0000)]
  0x0000000019950000 JavaThread "Cache worker for cache directory md-supplier (G:\Android\bin\caches\6.5\md-supplier)" [_thread_blocked, id=18296, stack(0x000000001f7e0000,0x000000001f8e0000)]
  0x000000001994e800 JavaThread "Cache worker for checksums cache (G:\Android\Drawer\.gradle\checksums)" [_thread_blocked, id=10868, stack(0x000000001e630000,0x000000001e730000)]
  0x0000000019953000 JavaThread "Cache worker for file hash cache (G:\Android\Drawer\.gradle\6.5\fileHashes)" [_thread_blocked, id=17332, stack(0x000000001e320000,0x000000001e420000)]
  0x000000001994d800 JavaThread "Cache worker for file hash cache (G:\Android\bin\caches\6.5\fileHashes)" [_thread_blocked, id=15980, stack(0x000000001bdd0000,0x000000001bed0000)]
  0x0000000019954800 JavaThread "File lock request listener" [_thread_in_native, id=1748, stack(0x000000001bcd0000,0x000000001bdd0000)]
  0x0000000019927000 JavaThread "Cache worker for journal cache (G:\Android\bin\caches\journal-1)" [_thread_blocked, id=11032, stack(0x000000001bbd0000,0x000000001bcd0000)]
  0x000000001964c800 JavaThread "Thread-9" [_thread_blocked, id=5680, stack(0x000000001b8d0000,0x000000001b9d0000)]
  0x0000000017b5f800 JavaThread "Stdin handler" [_thread_blocked, id=13932, stack(0x000000001b7d0000,0x000000001b8d0000)]
  0x0000000017853800 JavaThread "Asynchronous log dispatcher for DefaultDaemonConnection: socket connection from /127.0.0.1:64386 to /127.0.0.1:64387" [_thread_blocked, id=10988, stack(0x000000001b6d0000,0x000000001b7d0000)]
  0x0000000017854800 JavaThread "Daemon worker" [_thread_in_native, id=14344, stack(0x000000001b5d0000,0x000000001b6d0000)]
  0x0000000018824000 JavaThread "Cancel handler" [_thread_blocked, id=18148, stack(0x000000001b4d0000,0x000000001b5d0000)]
  0x0000000019676800 JavaThread "Handler for socket connection from /127.0.0.1:64386 to /127.0.0.1:64387" [_thread_in_native, id=8188, stack(0x000000001b3d0000,0x000000001b4d0000)]
  0x0000000019674000 JavaThread "Daemon" [_thread_blocked, id=18168, stack(0x000000001b2d0000,0x000000001b3d0000)]
  0x0000000018584800 JavaThread "Daemon periodic checks" [_thread_blocked, id=18336, stack(0x000000001b1d0000,0x000000001b2d0000)]
  0x0000000018571800 JavaThread "Incoming local TCP Connector on port 64386" [_thread_in_native, id=10392, stack(0x000000001ad90000,0x000000001ae90000)]
  0x00000000188ad000 JavaThread "Daemon health stats" [_thread_blocked, id=16808, stack(0x000000001a750000,0x000000001a850000)]
  0x00000000177d9000 JavaThread "Service Thread" daemon [_thread_blocked, id=13000, stack(0x0000000017bb0000,0x0000000017cb0000)]
  0x0000000015e82800 JavaThread "C1 CompilerThread2" daemon [_thread_blocked, id=13464, stack(0x00000000176b0000,0x00000000177b0000)]
=>0x0000000015e67800 JavaThread "C2 CompilerThread1" daemon [_thread_in_native, id=6580, stack(0x00000000175b0000,0x00000000176b0000)]
  0x0000000015e56800 JavaThread "C2 CompilerThread0" daemon [_thread_in_native, id=2908, stack(0x00000000174b0000,0x00000000175b0000)]
  0x0000000015e54800 JavaThread "Attach Listener" daemon [_thread_blocked, id=576, stack(0x00000000173b0000,0x00000000174b0000)]
  0x0000000015e51800 JavaThread "Signal Dispatcher" daemon [_thread_blocked, id=10532, stack(0x00000000172b0000,0x00000000173b0000)]
  0x000000000244c800 JavaThread "Finalizer" daemon [_thread_blocked, id=8672, stack(0x00000000170b0000,0x00000000171b0000)]
  0x0000000015e39000 JavaThread "Reference Handler" daemon [_thread_blocked, id=7780, stack(0x0000000016fb0000,0x00000000170b0000)]
  0x00000000024de000 JavaThread "main" [_thread_blocked, id=12240, stack(0x0000000002240000,0x0000000002340000)]

Other Threads:
  0x0000000015e16000 VMThread [stack: 0x0000000016eb0000,0x0000000016fb0000] [id=72]
  0x00000000177e2000 WatcherThread [stack: 0x0000000017cb0000,0x0000000017db0000] [id=11148]

VM state:not at safepoint (normal execution)

VM Mutex/Monitor currently owned by a thread: None

heap address: 0x00000000a0000000, size: 1536 MB, Compressed Oops mode: 32-bit
Narrow klass base: 0x0000000000000000, Narrow klass shift: 3
Compressed class space size: 1073741824 Address: 0x0000000100000000

Heap:
 PSYoungGen      total 346624K, used 16940K [0x00000000e0000000, 0x00000000fb900000, 0x0000000100000000)
  eden space 328704K, 5% used [0x00000000e0000000,0x00000000e108b358,0x00000000f4100000)
  from space 17920K, 0% used [0x00000000f4100000,0x00000000f4100000,0x00000000f5280000)
  to   space 25088K, 0% used [0x00000000fa080000,0x00000000fa080000,0x00000000fb900000)
 ParOldGen       total 148992K, used 41183K [0x00000000a0000000, 0x00000000a9180000, 0x00000000e0000000)
  object space 148992K, 27% used [0x00000000a0000000,0x00000000a2837ff8,0x00000000a9180000)
 Metaspace       used 57894K, capacity 60252K, committed 60440K, reserved 1101824K
  class space    used 7953K, capacity 8487K, committed 8496K, reserved 1048576K

Card table byte_map: [0x00000000118a0000,0x0000000011bb0000] byte_map_base: 0x00000000113a0000

Marking Bits: (ParMarkBitMap*) 0x0000000051b9f030
 Begin Bits: [0x00000000121b0000, 0x00000000139b0000)
 End Bits:   [0x00000000139b0000, 0x00000000151b0000)

Polling page: 0x00000000001f0000

CodeCache: size=245760Kb used=17049Kb max_used=17365Kb free=228711Kb
 bounds [0x00000000024e0000, 0x00000000035f0000, 0x00000000114e0000]
 total_blobs=5719 nmethods=4944 adapters=688
 compilation: enabled

Compilation events (10 events):
Event: 15.594 Thread 0x0000000015e82800 5360       3       sun.reflect.annotation.AnnotationParser::parseConst (208 bytes)
Event: 15.596 Thread 0x0000000015e82800 nmethod 5360 0x00000000035b8250 code [0x00000000035b8640, 0x00000000035ba2a8]
Event: 15.618 Thread 0x0000000015e82800 5362       3       java.util.regex.Matcher::find (35 bytes)
Event: 15.618 Thread 0x0000000015e82800 nmethod 5362 0x0000000002998ed0 code [0x0000000002999080, 0x0000000002999618]
Event: 15.624 Thread 0x0000000015e82800 5363       3       java.util.logging.LogManager::getProperty (9 bytes)
Event: 15.625 Thread 0x0000000015e82800 nmethod 5363 0x0000000002633110 code [0x0000000002633280, 0x00000000026334a8]
Event: 15.626 Thread 0x0000000015e82800 5364       3       java.lang.ClassLoader::getResource (36 bytes)
Event: 15.626 Thread 0x0000000015e82800 nmethod 5364 0x0000000002abb210 code [0x0000000002abb3e0, 0x0000000002abba58]
Event: 15.665 Thread 0x0000000015e82800 5365       3       java.util.logging.LogManager$LoggerContext::requiresDefaultLoggers (29 bytes)
Event: 15.666 Thread 0x0000000015e82800 nmethod 5365 0x0000000002b43490 code [0x0000000002b43600, 0x0000000002b43a28]

GC Heap History (10 events):
Event: 7.246 GC heap before
{Heap before GC invocations=8 (full 1):
 PSYoungGen      total 195072K, used 72256K [0x00000000e0000000, 0x00000000ed700000, 0x0000000100000000)
  eden space 183296K, 33% used [0x00000000e0000000,0x00000000e3b3e1e8,0x00000000eb300000)
  from space 11776K, 98% used [0x00000000ecb80000,0x00000000ed6d21b8,0x00000000ed700000)
  to   space 13312K, 0% used [0x00000000ebd00000,0x00000000ebd00000,0x00000000eca00000)
 ParOldGen       total 64512K, used 7229K [0x00000000a0000000, 0x00000000a3f00000, 0x00000000e0000000)
  object space 64512K, 11% used [0x00000000a0000000,0x00000000a070f458,0x00000000a3f00000)
 Metaspace       used 34312K, capacity 35402K, committed 35496K, reserved 1079296K
  class space    used 4719K, capacity 5002K, committed 5040K, reserved 1048576K
Event: 7.260 GC heap after
Heap after GC invocations=8 (full 1):
 PSYoungGen      total 206848K, used 9417K [0x00000000e0000000, 0x00000000f6400000, 0x0000000100000000)
  eden space 193536K, 0% used [0x00000000e0000000,0x00000000e0000000,0x00000000ebd00000)
  from space 13312K, 70% used [0x00000000ebd00000,0x00000000ec6326c0,0x00000000eca00000)
  to   space 13312K, 0% used [0x00000000f5700000,0x00000000f5700000,0x00000000f6400000)
 ParOldGen       total 64512K, used 7237K [0x00000000a0000000, 0x00000000a3f00000, 0x00000000e0000000)
  object space 64512K, 11% used [0x00000000a0000000,0x00000000a0711458,0x00000000a3f00000)
 Metaspace       used 34312K, capacity 35402K, committed 35496K, reserved 1079296K
  class space    used 4719K, capacity 5002K, committed 5040K, reserved 1048576K
}
Event: 7.260 GC heap before
{Heap before GC invocations=9 (full 2):
 PSYoungGen      total 206848K, used 9417K [0x00000000e0000000, 0x00000000f6400000, 0x0000000100000000)
  eden space 193536K, 0% used [0x00000000e0000000,0x00000000e0000000,0x00000000ebd00000)
  from space 13312K, 70% used [0x00000000ebd00000,0x00000000ec6326c0,0x00000000eca00000)
  to   space 13312K, 0% used [0x00000000f5700000,0x00000000f5700000,0x00000000f6400000)
 ParOldGen       total 64512K, used 7237K [0x00000000a0000000, 0x00000000a3f00000, 0x00000000e0000000)
  object space 64512K, 11% used [0x00000000a0000000,0x00000000a0711458,0x00000000a3f00000)
 Metaspace       used 34312K, capacity 35402K, committed 35496K, reserved 1079296K
  class space    used 4719K, capacity 5002K, committed 5040K, reserved 1048576K
Event: 7.382 GC heap after
Heap after GC invocations=9 (full 2):
 PSYoungGen      total 206848K, used 0K [0x00000000e0000000, 0x00000000f6400000, 0x0000000100000000)
  eden space 193536K, 0% used [0x00000000e0000000,0x00000000e0000000,0x00000000ebd00000)
  from space 13312K, 0% used [0x00000000ebd00000,0x00000000ebd00000,0x00000000eca00000)
  to   space 13312K, 0% used [0x00000000f5700000,0x00000000f5700000,0x00000000f6400000)
 ParOldGen       total 93184K, used 15645K [0x00000000a0000000, 0x00000000a5b00000, 0x00000000e0000000)
  object space 93184K, 16% used [0x00000000a0000000,0x00000000a0f475a0,0x00000000a5b00000)
 Metaspace       used 34312K, capacity 35402K, committed 35496K, reserved 1079296K
  class space    used 4719K, capacity 5002K, committed 5040K, reserved 1048576K
}
Event: 10.701 GC heap before
{Heap before GC invocations=10 (full 2):
 PSYoungGen      total 206848K, used 193536K [0x00000000e0000000, 0x00000000f6400000, 0x0000000100000000)
  eden space 193536K, 100% used [0x00000000e0000000,0x00000000ebd00000,0x00000000ebd00000)
  from space 13312K, 0% used [0x00000000ebd00000,0x00000000ebd00000,0x00000000eca00000)
  to   space 13312K, 0% used [0x00000000f5700000,0x00000000f5700000,0x00000000f6400000)
 ParOldGen       total 93184K, used 15645K [0x00000000a0000000, 0x00000000a5b00000, 0x00000000e0000000)
  object space 93184K, 16% used [0x00000000a0000000,0x00000000a0f475a0,0x00000000a5b00000)
 Metaspace       used 45540K, capacity 47258K, committed 47528K, reserved 1089536K
  class space    used 6148K, capacity 6503K, committed 6576K, reserved 1048576K
Event: 10.726 GC heap after
Heap after GC invocations=10 (full 2):
 PSYoungGen      total 317440K, used 13298K [0x00000000e0000000, 0x00000000f6400000, 0x0000000100000000)
  eden space 304128K, 0% used [0x00000000e0000000,0x00000000e0000000,0x00000000f2900000)
  from space 13312K, 99% used [0x00000000f5700000,0x00000000f63fc990,0x00000000f6400000)
  to   space 17920K, 0% used [0x00000000f4100000,0x00000000f4100000,0x00000000f5280000)
 ParOldGen       total 93184K, used 22763K [0x00000000a0000000, 0x00000000a5b00000, 0x00000000e0000000)
  object space 93184K, 24% used [0x00000000a0000000,0x00000000a163afc8,0x00000000a5b00000)
 Metaspace       used 45540K, capacity 47258K, committed 47528K, reserved 1089536K
  class space    used 6148K, capacity 6503K, committed 6576K, reserved 1048576K
}
Event: 14.940 GC heap before
{Heap before GC invocations=11 (full 2):
 PSYoungGen      total 317440K, used 198686K [0x00000000e0000000, 0x00000000f6400000, 0x0000000100000000)
  eden space 304128K, 60% used [0x00000000e0000000,0x00000000eb50b0f0,0x00000000f2900000)
  from space 13312K, 99% used [0x00000000f5700000,0x00000000f63fc990,0x00000000f6400000)
  to   space 17920K, 0% used [0x00000000f4100000,0x00000000f4100000,0x00000000f5280000)
 ParOldGen       total 93184K, used 22763K [0x00000000a0000000, 0x00000000a5b00000, 0x00000000e0000000)
  object space 93184K, 24% used [0x00000000a0000000,0x00000000a163afc8,0x00000000a5b00000)
 Metaspace       used 56851K, capacity 59142K, committed 59160K, reserved 1099776K
  class space    used 7776K, capacity 8224K, committed 8240K, reserved 1048576K
Event: 15.003 GC heap after
Heap after GC invocations=11 (full 2):
 PSYoungGen      total 346624K, used 17916K [0x00000000e0000000, 0x00000000fb900000, 0x0000000100000000)
  eden space 328704K, 0% used [0x00000000e0000000,0x00000000e0000000,0x00000000f4100000)
  from space 17920K, 99% used [0x00000000f4100000,0x00000000f527f2f0,0x00000000f5280000)
  to   space 25088K, 0% used [0x00000000fa080000,0x00000000fa080000,0x00000000fb900000)
 ParOldGen       total 93184K, used 34346K [0x00000000a0000000, 0x00000000a5b00000, 0x00000000e0000000)
  object space 93184K, 36% used [0x00000000a0000000,0x00000000a218aa68,0x00000000a5b00000)
 Metaspace       used 56851K, capacity 59142K, committed 59160K, reserved 1099776K
  class space    used 7776K, capacity 8224K, committed 8240K, reserved 1048576K
}
Event: 15.003 GC heap before
{Heap before GC invocations=12 (full 3):
 PSYoungGen      total 346624K, used 17916K [0x00000000e0000000, 0x00000000fb900000, 0x0000000100000000)
  eden space 328704K, 0% used [0x00000000e0000000,0x00000000e0000000,0x00000000f4100000)
  from space 17920K, 99% used [0x00000000f4100000,0x00000000f527f2f0,0x00000000f5280000)
  to   space 25088K, 0% used [0x00000000fa080000,0x00000000fa080000,0x00000000fb900000)
 ParOldGen       total 93184K, used 34346K [0x00000000a0000000, 0x00000000a5b00000, 0x00000000e0000000)
  object space 93184K, 36% used [0x00000000a0000000,0x00000000a218aa68,0x00000000a5b00000)
 Metaspace       used 56851K, capacity 59142K, committed 59160K, reserved 1099776K
  class space    used 7776K, capacity 8224K, committed 8240K, reserved 1048576K
Event: 15.390 GC heap after
Heap after GC invocations=12 (full 3):
 PSYoungGen      total 346624K, used 0K [0x00000000e0000000, 0x00000000fb900000, 0x0000000100000000)
  eden space 328704K, 0% used [0x00000000e0000000,0x00000000e0000000,0x00000000f4100000)
  from space 17920K, 0% used [0x00000000f4100000,0x00000000f4100000,0x00000000f5280000)
  to   space 25088K, 0% used [0x00000000fa080000,0x00000000fa080000,0x00000000fb900000)
 ParOldGen       total 148992K, used 41183K [0x00000000a0000000, 0x00000000a9180000, 0x00000000e0000000)
  object space 148992K, 27% used [0x00000000a0000000,0x00000000a2837ff8,0x00000000a9180000)
 Metaspace       used 56851K, capacity 59142K, committed 59160K, reserved 1099776K
  class space    used 7776K, capacity 8224K, committed 8240K, reserved 1048576K
}

Deoptimization events (10 events):
Event: 14.818 Thread 0x0000000017854800 Uncommon trap: reason=unstable_if action=reinterpret pc=0x000000000324fb6c method=java.util.HashMap.getNode(ILjava/lang/Object;)Ljava/util/HashMap$Node; @ 84
Event: 14.818 Thread 0x0000000017854800 Uncommon trap: reason=unstable_if action=reinterpret pc=0x00000000034491f0 method=java.util.HashMap.getNode(ILjava/lang/Object;)Ljava/util/HashMap$Node; @ 84
Event: 14.818 Thread 0x0000000017854800 Uncommon trap: reason=unstable_if action=reinterpret pc=0x000000000344a024 method=java.util.HashMap.getNode(ILjava/lang/Object;)Ljava/util/HashMap$Node; @ 84
Event: 14.843 Thread 0x0000000017854800 Uncommon trap: reason=unstable_if action=reinterpret pc=0x000000000306881c method=java.io.WinNTFileSystem.normalize(Ljava/lang/String;)Ljava/lang/String; @ 74
Event: 15.468 Thread 0x0000000017854800 Uncommon trap: reason=unstable_if action=reinterpret pc=0x00000000033ac314 method=java.util.Properties$LineReader.readLine()I @ 37
Event: 15.468 Thread 0x0000000017854800 Uncommon trap: reason=unstable_if action=reinterpret pc=0x0000000002a26948 method=java.util.Properties$LineReader.readLine()I @ 105
Event: 15.575 Thread 0x0000000017854800 Uncommon trap: reason=bimorphic action=maybe_recompile pc=0x00000000033fef94 method=java.util.regex.Pattern$5.isSatisfiedBy(I)Z @ 16
Event: 15.575 Thread 0x0000000017854800 Uncommon trap: reason=bimorphic action=maybe_recompile pc=0x00000000033fef94 method=java.util.regex.Pattern$5.isSatisfiedBy(I)Z @ 16
Event: 15.575 Thread 0x0000000017854800 Uncommon trap: reason=bimorphic action=maybe_recompile pc=0x00000000033fef94 method=java.util.regex.Pattern$5.isSatisfiedBy(I)Z @ 16
Event: 15.575 Thread 0x0000000017854800 Uncommon trap: reason=bimorphic action=maybe_recompile pc=0x00000000033fef94 method=java.util.regex.Pattern$5.isSatisfiedBy(I)Z @ 16

Classes redefined (0 events):
No events

Internal exceptions (10 events):
Event: 14.698 Thread 0x0000000017854800 Exception <a 'java/lang/ClassNotFoundException': org/codehaus/groovy/runtime/MethodClosureBeanInfo> (0x00000000ea237b90) thrown at [C:\src\AOSP-openjdk-git\hotspot\src\share\vm\classfile\systemDictionary.cpp, line 210]
Event: 14.699 Thread 0x0000000017854800 Exception <a 'java/lang/ClassNotFoundException': org/codehaus/groovy/runtime/MethodClosureCustomizer> (0x00000000ea251700) thrown at [C:\src\AOSP-openjdk-git\hotspot\src\share\vm\classfile\systemDictionary.cpp, line 210]
Event: 14.702 Thread 0x0000000017854800 Exception <a 'java/lang/ClassNotFoundException': org/gradle/api/internal/artifacts/configurations/DefaultConfiguration$ConfigurationResolvableDependencies_DecoratedBeanInfo> (0x00000000ea2dc8d8) thrown at [C:\src\AOSP-openjdk-git\hotspot\src\share\vm\clas
Event: 14.703 Thread 0x0000000017854800 Exception <a 'java/lang/ClassNotFoundException': org/gradle/api/internal/artifacts/configurations/DefaultConfiguration$ConfigurationResolvableDependenciesBeanInfo> (0x00000000ea327a50) thrown at [C:\src\AOSP-openjdk-git\hotspot\src\share\vm\classfile\syst
Event: 14.704 Thread 0x0000000017854800 Exception <a 'java/lang/ClassNotFoundException': org/gradle/api/internal/artifacts/configurations/DefaultConfiguration$ConfigurationResolvableDependenciesCustomizer> (0x00000000ea374af8) thrown at [C:\src\AOSP-openjdk-git\hotspot\src\share\vm\classfile\sy
Event: 14.705 Thread 0x0000000017854800 Exception <a 'java/lang/ClassNotFoundException': org/gradle/api/internal/artifacts/configurations/DefaultConfiguration$ConfigurationResolvableDependencies_DecoratedCustomizer> (0x00000000ea3dc258) thrown at [C:\src\AOSP-openjdk-git\hotspot\src\share\vm\cl
Event: 14.880 Thread 0x0000000017854800 Exception <a 'java/lang/NoSuchMethodError': java.lang.Object.lambda$static$0(Lorg/gradle/api/internal/tasks/TaskDependencyResolveContext;)V> (0x00000000eaccbe78) thrown at [C:\src\AOSP-openjdk-git\hotspot\src\share\vm\interpreter\linkResolver.cpp, line 62
Event: 15.468 Thread 0x0000000017854800 Implicit null exception at 0x0000000002a25ffb to 0x0000000002a268d9
Event: 15.522 Thread 0x0000000017854800 Exception <a 'sun/nio/fs/WindowsException'> (0x00000000e04525f0) thrown at [C:\src\AOSP-openjdk-git\hotspot\src\share\vm\prims\jni.cpp, line 710]
Event: 15.626 Thread 0x0000000017854800 Exception <a 'java/lang/ClassNotFoundException': com/sun/org/glassfish/hk2/osgiresourcelocator/ServiceLoader> (0x00000000e0917c88) thrown at [C:\src\AOSP-openjdk-git\hotspot\src\share\vm\classfile\systemDictionary.cpp, line 210]

Events (10 events):
Event: 15.777 loading class com/sun/xml/bind/v2/model/runtime/RuntimeElement
Event: 15.777 loading class com/sun/xml/bind/v2/model/runtime/RuntimeElement done
Event: 15.778 loading class com/sun/xml/bind/v2/model/impl/TypeInfoSetImpl
Event: 15.778 loading class com/sun/xml/bind/v2/model/impl/TypeInfoSetImpl done
Event: 15.779 loading class com/sun/xml/bind/v2/model/impl/RuntimeTypeInfoSetImpl
Event: 15.779 loading class com/sun/xml/bind/v2/model/impl/RuntimeTypeInfoSetImpl done
Event: 15.780 loading class com/sun/xml/bind/v2/model/runtime/RuntimeTypeInfoSet
Event: 15.780 loading class com/sun/xml/bind/v2/model/runtime/RuntimeTypeInfoSet done
Event: 15.781 loading class com/sun/xml/bind/v2/model/impl/EnumLeafInfoImpl
Event: 15.781 loading class com/sun/xml/bind/v2/model/impl/EnumLeafInfoImpl done


Dynamic libraries:
0x00007ff6f1ae0000 - 0x00007ff6f1b11000 	C:\Program Files\Android\Android Studio\jre\bin\java.exe
0x00007ff9a7d90000 - 0x00007ff9a7f85000 	C:\Windows\SYSTEM32\ntdll.dll
0x00007ff9a7410000 - 0x00007ff9a74cd000 	C:\Windows\System32\KERNEL32.DLL
0x00007ff9a5b20000 - 0x00007ff9a5de8000 	C:\Windows\System32\KERNELBASE.dll
0x00007ff9a6310000 - 0x00007ff9a63bc000 	C:\Windows\System32\ADVAPI32.dll
0x00007ff9a6a80000 - 0x00007ff9a6b1e000 	C:\Windows\System32\msvcrt.dll
0x00007ff9a7840000 - 0x00007ff9a78db000 	C:\Windows\System32\sechost.dll
0x00007ff9a5df0000 - 0x00007ff9a5f1b000 	C:\Windows\System32\RPCRT4.dll
0x00007ff9a63c0000 - 0x00007ff9a6560000 	C:\Windows\System32\USER32.dll
0x00007ff9a5630000 - 0x00007ff9a5652000 	C:\Windows\System32\win32u.dll
0x00007ff9a62b0000 - 0x00007ff9a62da000 	C:\Windows\System32\GDI32.dll
0x00007ff9a5890000 - 0x00007ff9a599b000 	C:\Windows\System32\gdi32full.dll
0x00007ff9a5a80000 - 0x00007ff9a5b1d000 	C:\Windows\System32\msvcp_win.dll
0x00007ff9a5790000 - 0x00007ff9a5890000 	C:\Windows\System32\ucrtbase.dll
0x00007ff996830000 - 0x00007ff996aca000 	C:\Windows\WinSxS\amd64_microsoft.windows.common-controls_6595b64144ccf1df_6.0.19041.844_none_ca00b6081b84eb1d\COMCTL32.dll
0x00007ff9a5f20000 - 0x00007ff9a5f50000 	C:\Windows\System32\IMM32.DLL
0x0000000051cf0000 - 0x0000000051dc2000 	C:\Program Files\Android\Android Studio\jre\jre\bin\msvcr100.dll
0x00000000513d0000 - 0x0000000051c1b000 	C:\Program Files\Android\Android Studio\jre\jre\bin\server\jvm.dll
0x00007ff9a6300000 - 0x00007ff9a6308000 	C:\Windows\System32\PSAPI.DLL
0x00007ff99c8f0000 - 0x00007ff99c8fa000 	C:\Windows\SYSTEM32\VERSION.dll
0x00007ff996eb0000 - 0x00007ff996ed7000 	C:\Windows\SYSTEM32\WINMM.dll
0x00007ff9a1e30000 - 0x00007ff9a1e39000 	C:\Windows\SYSTEM32\WSOCK32.dll
0x00007ff9a75f0000 - 0x00007ff9a765b000 	C:\Windows\System32\WS2_32.dll
0x00007ff9a1e20000 - 0x00007ff9a1e2f000 	C:\Program Files\Android\Android Studio\jre\jre\bin\verify.dll
0x00007ff9a02d0000 - 0x00007ff9a02f9000 	C:\Program Files\Android\Android Studio\jre\jre\bin\java.dll
0x00007ff9a06e0000 - 0x00007ff9a06f6000 	C:\Program Files\Android\Android Studio\jre\jre\bin\zip.dll
0x00007ff9a6cc0000 - 0x00007ff9a7402000 	C:\Windows\System32\SHELL32.dll
0x00007ff9a3620000 - 0x00007ff9a3db0000 	C:\Windows\SYSTEM32\windows.storage.dll
0x00007ff9a5f50000 - 0x00007ff9a62a5000 	C:\Windows\System32\combase.dll
0x00007ff9a4f40000 - 0x00007ff9a4f6c000 	C:\Windows\SYSTEM32\Wldp.dll
0x00007ff9a6bb0000 - 0x00007ff9a6c5e000 	C:\Windows\System32\SHCORE.dll
0x00007ff9a77e0000 - 0x00007ff9a7835000 	C:\Windows\System32\shlwapi.dll
0x00007ff9a5410000 - 0x00007ff9a542f000 	C:\Windows\SYSTEM32\profapi.dll
0x00007ff9a02b0000 - 0x00007ff9a02ca000 	C:\Program Files\Android\Android Studio\jre\jre\bin\net.dll
0x00007ff9a4cb0000 - 0x00007ff9a4d1a000 	C:\Windows\system32\mswsock.dll
0x00007ff99fee0000 - 0x00007ff99fef3000 	C:\Program Files\Android\Android Studio\jre\jre\bin\nio.dll
0x00007ff9992d0000 - 0x00007ff9992f7000 	G:\Android\bin\native\f6784746aeab05261644944871eae4fe03e0ef1612fff0a4a95f87b438bc6780\windows-amd64\native-platform.dll
0x00007ff9a06a0000 - 0x00007ff9a06ad000 	C:\Program Files\Android\Android Studio\jre\jre\bin\management.dll
0x00007ff9a4e80000 - 0x00007ff9a4e98000 	C:\Windows\SYSTEM32\CRYPTSP.dll
0x00007ff9a45e0000 - 0x00007ff9a4614000 	C:\Windows\system32\rsaenh.dll
0x00007ff9a5660000 - 0x00007ff9a5687000 	C:\Windows\System32\bcrypt.dll
0x00007ff9a5390000 - 0x00007ff9a53be000 	C:\Windows\SYSTEM32\USERENV.dll
0x00007ff9a59a0000 - 0x00007ff9a5a20000 	C:\Windows\System32\bcryptprimitives.dll
0x00007ff9a4ea0000 - 0x00007ff9a4eac000 	C:\Windows\SYSTEM32\CRYPTBASE.dll
0x00007ff9a4950000 - 0x00007ff9a498b000 	C:\Windows\SYSTEM32\IPHLPAPI.DLL
0x00007ff9a6ba0000 - 0x00007ff9a6ba8000 	C:\Windows\System32\NSI.dll
0x00007ff99e310000 - 0x00007ff99e327000 	C:\Windows\SYSTEM32\dhcpcsvc6.DLL
0x00007ff99e840000 - 0x00007ff99e85d000 	C:\Windows\SYSTEM32\dhcpcsvc.DLL
0x00007ff9a4990000 - 0x00007ff9a4a5c000 	C:\Windows\SYSTEM32\DNSAPI.dll
0x00007ff99e490000 - 0x00007ff99e49b000 	C:\Windows\SYSTEM32\WINNSI.DLL

VM Arguments:
jvm_args: -Xmx1536m -Dfile.encoding=UTF-8 -Duser.country=US -Duser.language=en -Duser.variant 
java_command: org.gradle.launcher.daemon.bootstrap.GradleDaemon 6.5
java_class_path (initial): G:\Android\bin\wrapper\dists\gradle-6.5-bin\6nifqtx7604sqp1q6g8wikw7p\gradle-6.5\lib\gradle-launcher-6.5.jar
Launcher Type: SUN_STANDARD

Environment Variables:
PATH=C:\Program Files (x86)\Common Files\Oracle\Java\javapath;C:\Windows\system32;C:\Windows;C:\Windows\System32\Wbem;C:\Windows\System32\WindowsPowerShell\v1.0\;C:\Windows\System32\OpenSSH\;C:\Program Files\Git\cmd;C:\Users\Joe Masu\AppData\Local\Microsoft\WindowsApps;C:\Program Files\Java\jdk1.8.0_192;;C:\Users\Joe Masu\AppData\Local\Programs\Microsoft VS Code\bin
USERNAME=Joe Masu
OS=Windows_NT
PROCESSOR_IDENTIFIER=Intel64 Family 6 Model 69 Stepping 1, GenuineIntel



---------------  S Y S T E M  ---------------

OS: Windows 10.0 , 64 bit Build 19041 (10.0.19041.928)

CPU:total 4 (initial active 4) (2 cores per cpu, 2 threads per core) family 6 model 69 stepping 1, cmov, cx8, fxsr, mmx, sse, sse2, sse3, ssse3, sse4.1, sse4.2, popcnt, avx, avx2, aes, clmul, erms, lzcnt, ht, tsc, tscinvbit, bmi1, bmi2

Memory: 4k page, physical 12461164k(516620k free), swap 33998952k(4448k free)

vm_info: OpenJDK 64-Bit Server VM (25.242-b01) for windows-amd64 JRE (1.8.0_242-release-1644-b01), built by "builder" with MS VC++ 10.0 (VS2010)

time: Fri May 28 04:52:30 2021
timezone: Pacific Daylight Time
elapsed time: 15 seconds (0d 0h 0m 15s)

